Flutter crash report.
Please report a bug at https://github.com/flutter/flutter/issues.

## command

flutter --quiet assemble --depfile C:\Users\samar.saad\Desktop\Flutter Projects\personal exp\build\app\intermediates\flutter\debug/flutter_build.d --output C:\Users\samar.saad\Desktop\Flutter Projects\personal exp\build\app\intermediates\flutter\debug -dTargetFile=C:\Users\samar.saad\Desktop\Flutter Projects\personal exp\lib\main.dart -dTargetPlatform=android -dBuildMode=debug -dTrackWidgetCreation=true debug_android_application

## exception

ArgumentError: Invalid argument(s): Uri c:%5CUsers%5Csamar.saad%5CDesktop%5CFlutter%20Projects%5Cpersonal%20exp%5C.dart_tool%5CFonts%5COpenSans-Bold.ttf must have scheme 'file:'.

```
#0      WindowsStyle.pathFromUri (package:path/src/style/windows.dart:88:7)
#1      Context.fromUri (package:path/src/context.dart:1000:32)
#2      ManifestAssetBundle._resolveAsset (package:flutter_tools/src/asset.dart:631:47)
#3      ManifestAssetBundle._parseAssets (package:flutter_tools/src/asset.dart:526:34)
#4      ManifestAssetBundle.build (package:flutter_tools/src/asset.dart:198:53)
<asynchronous suspension>
#5      copyAssets (package:flutter_tools/src/build_system/targets/assets.dart:53:26)
<asynchronous suspension>
#6      AndroidAssetBundle.build (package:flutter_tools/src/build_system/targets/android.dart:62:34)
<asynchronous suspension>
#7      _BuildInstance._invokeInternal (package:flutter_tools/src/build_system/build_system.dart:796:9)
<asynchronous suspension>
#8      FlutterBuildSystem.build (package:flutter_tools/src/build_system/build_system.dart:563:16)
<asynchronous suspension>
#9      AssembleCommand.runCommand (package:flutter_tools/src/commands/assemble.dart:220:32)
<asynchronous suspension>
#10     FlutterCommand.verifyThenRunCommand (package:flutter_tools/src/runner/flutter_command.dart:1157:12)
<asynchronous suspension>
#11     FlutterCommand.run.<anonymous closure> (package:flutter_tools/src/runner/flutter_command.dart:1009:27)
<asynchronous suspension>
#12     AppContext.run.<anonymous closure> (package:flutter_tools/src/base/context.dart:150:19)
<asynchronous suspension>
#13     AppContext.run (package:flutter_tools/src/base/context.dart:149:12)
<asynchronous suspension>
#14     CommandRunner.runCommand (package:args/command_runner.dart:197:13)
<asynchronous suspension>
#15     FlutterCommandRunner.runCommand.<anonymous closure> (package:flutter_tools/src/runner/flutter_command_runner.dart:278:9)
<asynchronous suspension>
#16     AppContext.run.<anonymous closure> (package:flutter_tools/src/base/context.dart:150:19)
<asynchronous suspension>
#17     AppContext.run (package:flutter_tools/src/base/context.dart:149:12)
<asynchronous suspension>
#18     FlutterCommandRunner.runCommand (package:flutter_tools/src/runner/flutter_command_runner.dart:234:5)
<asynchronous suspension>
#19     run.<anonymous closure>.<anonymous closure> (package:flutter_tools/runner.dart:64:9)
<asynchronous suspension>
#20     run.<anonymous closure> (package:flutter_tools/runner.dart:62:12)
<asynchronous suspension>
#21     AppContext.run.<anonymous closure> (package:flutter_tools/src/base/context.dart:150:19)
<asynchronous suspension>
#22     AppContext.run (package:flutter_tools/src/base/context.dart:149:12)
<asynchronous suspension>
#23     runInContext (package:flutter_tools/src/context_runner.dart:73:10)
<asynchronous suspension>
#24     main (package:flutter_tools/executable.dart:90:3)
<asynchronous suspension>
```

## flutter doctor

```
[✓] Flutter (Channel stable, 2.0.5, on Microsoft Windows [Version 10.0.19042.985], locale en-US)
    • Flutter version 2.0.5 at C:\src\flutter
    • Framework revision adc687823a (10 weeks ago), 2021-04-16 09:40:20 -0700
    • Engine revision b09f014e96
    • Dart version 2.12.3
    • Pub download mirror https://pub.flutter-io.cn
    • Flutter download mirror https://storage.flutter-io.cn

[✓] Android toolchain - develop for Android devices (Android SDK version 30.0.3)
    • Android SDK at D:\Android\
    • Platform android-30, build-tools 30.0.3
    • ANDROID_HOME = D:\Android
    • Java binary at: C:\Program Files\Android\Android Studio\jre\bin\java
    • Java version OpenJDK Runtime Environment (build 1.8.0_242-release-1644-b01)
    • All Android licenses accepted.

[✓] Chrome - develop for the web
    • Chrome at C:\Program Files\Google\Chrome\Application\chrome.exe

[✓] Android Studio (version 4.1.0)
    • Android Studio at C:\Program Files\Android\Android Studio
    • Flutter plugin can be installed from:
      🔨 https://plugins.jetbrains.com/plugin/9212-flutter
    • Dart plugin can be installed from:
      🔨 https://plugins.jetbrains.com/plugin/6351-dart
    • Java version OpenJDK Runtime Environment (build 1.8.0_242-release-1644-b01)

[✓] VS Code (version 1.57.1)
    • VS Code at C:\Users\samar.saad\AppData\Local\Programs\Microsoft VS Code
    • Flutter extension version 3.23.0

[✓] Connected device (3 available)
    • Redmi Note 9S (mobile) • c842cd4a • android-arm64  • Android 10 (API 29)
    • Chrome (web)           • chrome   • web-javascript • Google Chrome 91.0.4472.114
    • Edge (web)             • edge     • web-javascript • Microsoft Edge 91.0.864.54

• No issues found!
```
